PagoPresentacionModelo600 :: Fri Feb 05 10:04:19 CET 2010 :: INFO :: Generación PDF Doc
PagoPresentacionModelo600 :: Fri Feb 05 10:04:23 CET 2010 :: INFO :: plantilla uristring: recursos//impresos//xml//justificantePresentacion.xml
PagoPresentacionModelo600 :: Fri Feb 05 10:04:23 CET 2010 :: INFO :: Continuamos ya que no es una url no protocol: recursos//impresos//xml//justificantePresentacion.xml
PagoPresentacionModelo600 :: Fri Feb 05 10:04:23 CET 2010 :: INFO :: Error obteniendo XSL recursos\impresos\xml\justificantePresentacion.xml (El sistema no puede hallar la ruta especificada)
PagoPresentacionModelo600 :: Fri Feb 05 10:04:23 CET 2010 :: INFO :: Continuamos ya que no es una url no protocol: recursos//impresos//xml//justificantePresentacion.xml
PagoPresentacionModelo600 :: Fri Feb 05 10:04:23 CET 2010 :: INFO :: Error obteniendo XSL recursos\impresos\xml\justificantePresentacion.xml (El sistema no puede hallar la ruta especificada)
PagoPresentacionModelo600 :: Fri Feb 05 10:04:23 CET 2010 :: INFO :: Fin getXsl(PdfBase fb)--
PagoPresentacionModelo600 :: Thu Feb 11 16:29:13 CET 2010 :: INFO :: PdfComprimidoUtils.comprimirPDF|
PagoPresentacionModelo600 :: Thu Feb 11 16:29:15 CET 2010 :: INFO :: PdfComprimidoUtils.compress|
PagoPresentacionModelo600 :: Thu Feb 11 16:29:15 CET 2010 :: INFO :: PdfComprimidoUtils.compress|FIN
PagoPresentacionModelo600 :: Thu Feb 11 16:29:15 CET 2010 :: INFO :: PdfComprimidoUtils.comprimirPDF|
PagoPresentacionModelo600 :: Thu Feb 11 16:31:18 CET 2010 :: INFO :: PdfComprimidoUtils.comprimirPDF|
PagoPresentacionModelo600 :: Thu Feb 11 16:31:20 CET 2010 :: INFO :: PdfComprimidoUtils.compress|
PagoPresentacionModelo600 :: Thu Feb 11 16:31:20 CET 2010 :: INFO :: PdfComprimidoUtils.compress|FIN
PagoPresentacionModelo600 :: Thu Feb 11 16:31:20 CET 2010 :: INFO :: PdfComprimidoUtils.comprimirPDF|
PagoPresentacionModelo600 :: Thu Feb 11 16:49:33 CET 2010 :: INFO :: PdfComprimidoUtils.comprimirPDF|
PagoPresentacionModelo600 :: Thu Feb 11 16:49:36 CET 2010 :: INFO :: PdfComprimidoUtils.compress|
PagoPresentacionModelo600 :: Thu Feb 11 16:49:36 CET 2010 :: INFO :: PdfComprimidoUtils.compress|FIN
PagoPresentacionModelo600 :: Thu Feb 11 16:49:36 CET 2010 :: INFO :: PdfComprimidoUtils.comprimirPDF|
PagoPresentacionModelo600 :: Thu Feb 11 17:00:02 CET 2010 :: INFO :: PdfComprimidoUtils.comprimirPDF|
PagoPresentacionModelo600 :: Thu Feb 11 17:00:03 CET 2010 :: INFO :: PdfComprimidoUtils.compress|
PagoPresentacionModelo600 :: Thu Feb 11 17:00:03 CET 2010 :: INFO :: PdfComprimidoUtils.compress|FIN
PagoPresentacionModelo600 :: Thu Feb 11 17:00:03 CET 2010 :: INFO :: PdfComprimidoUtils.comprimirPDF|
PagoPresentacionModelo600 :: Thu Feb 11 17:02:30 CET 2010 :: INFO :: PdfComprimidoUtils.comprimirPDF|
PagoPresentacionModelo600 :: Thu Feb 11 17:02:31 CET 2010 :: INFO :: PdfComprimidoUtils.compress|
PagoPresentacionModelo600 :: Thu Feb 11 17:02:31 CET 2010 :: INFO :: PdfComprimidoUtils.compress|FIN
PagoPresentacionModelo600 :: Thu Feb 11 17:02:31 CET 2010 :: INFO :: PdfComprimidoUtils.comprimirPDF|
PagoPresentacionModelo600 :: Thu Feb 11 17:05:58 CET 2010 :: INFO :: PdfComprimidoUtils.comprimirPDF|
PagoPresentacionModelo600 :: Thu Feb 11 17:06:00 CET 2010 :: INFO :: PdfComprimidoUtils.compress|
PagoPresentacionModelo600 :: Thu Feb 11 17:06:00 CET 2010 :: INFO :: PdfComprimidoUtils.compress|FIN
PagoPresentacionModelo600 :: Thu Feb 11 17:06:00 CET 2010 :: INFO :: PdfComprimidoUtils.comprimirPDF|
PagoPresentacionModelo600 :: Thu Feb 11 17:07:14 CET 2010 :: INFO :: PdfComprimidoUtils.comprimirPDF|
PagoPresentacionModelo600 :: Thu Feb 11 17:07:15 CET 2010 :: INFO :: PdfComprimidoUtils.compress|
PagoPresentacionModelo600 :: Thu Feb 11 17:07:15 CET 2010 :: INFO :: PdfComprimidoUtils.compress|FIN
PagoPresentacionModelo600 :: Thu Feb 11 17:07:15 CET 2010 :: INFO :: PdfComprimidoUtils.comprimirPDF|
PagoPresentacionModelo600 :: Thu Feb 11 17:10:00 CET 2010 :: INFO :: PdfComprimidoUtils.comprimirPDF|
PagoPresentacionModelo600 :: Thu Feb 11 17:10:02 CET 2010 :: INFO :: PdfComprimidoUtils.compress|
PagoPresentacionModelo600 :: Thu Feb 11 17:10:02 CET 2010 :: INFO :: PdfComprimidoUtils.compress|FIN
PagoPresentacionModelo600 :: Thu Feb 11 17:10:02 CET 2010 :: INFO :: PdfComprimidoUtils.comprimirPDF|
PagoPresentacionModelo600 :: Thu Feb 11 17:13:24 CET 2010 :: INFO :: PdfComprimidoUtils.comprimirPDF|
PagoPresentacionModelo600 :: Thu Feb 11 17:13:25 CET 2010 :: INFO :: PdfComprimidoUtils.compress|
PagoPresentacionModelo600 :: Thu Feb 11 17:13:25 CET 2010 :: INFO :: PdfComprimidoUtils.compress|FIN
PagoPresentacionModelo600 :: Thu Feb 11 17:13:25 CET 2010 :: INFO :: PdfComprimidoUtils.comprimirPDF|
PagoPresentacionModelo600 :: Thu Feb 11 17:14:33 CET 2010 :: INFO :: PdfComprimidoUtils.comprimirPDF|
PagoPresentacionModelo600 :: Thu Feb 11 17:14:34 CET 2010 :: INFO :: PdfComprimidoUtils.compress|
PagoPresentacionModelo600 :: Thu Feb 11 17:14:34 CET 2010 :: INFO :: PdfComprimidoUtils.compress|FIN
PagoPresentacionModelo600 :: Thu Feb 11 17:14:34 CET 2010 :: INFO :: PdfComprimidoUtils.comprimirPDF|
PagoPresentacionModelo600 :: Thu Feb 11 17:14:51 CET 2010 :: INFO :: PdfComprimidoUtils.comprimirPDF|
PagoPresentacionModelo600 :: Thu Feb 11 17:14:52 CET 2010 :: INFO :: PdfComprimidoUtils.compress|
PagoPresentacionModelo600 :: Thu Feb 11 17:14:52 CET 2010 :: INFO :: PdfComprimidoUtils.compress|FIN
PagoPresentacionModelo600 :: Thu Feb 11 17:14:52 CET 2010 :: INFO :: PdfComprimidoUtils.comprimirPDF|
PagoPresentacionModelo600 :: Thu Feb 11 17:21:14 CET 2010 :: INFO :: PdfComprimidoUtils.comprimirPDF|
PagoPresentacionModelo600 :: Thu Feb 11 17:21:16 CET 2010 :: INFO :: PdfComprimidoUtils.compress|
PagoPresentacionModelo600 :: Thu Feb 11 17:21:16 CET 2010 :: INFO :: PdfComprimidoUtils.compress|FIN
PagoPresentacionModelo600 :: Thu Feb 11 17:21:16 CET 2010 :: INFO :: PdfComprimidoUtils.comprimirPDF|
PagoPresentacionModelo600 :: Thu Feb 11 17:37:04 CET 2010 :: INFO :: PdfComprimidoUtils.comprimirPDF|
PagoPresentacionModelo600 :: Thu Feb 11 17:37:05 CET 2010 :: INFO :: PdfComprimidoUtils.compress|
PagoPresentacionModelo600 :: Thu Feb 11 17:37:05 CET 2010 :: INFO :: PdfComprimidoUtils.compress|FIN
PagoPresentacionModelo600 :: Thu Feb 11 17:37:05 CET 2010 :: INFO :: PdfComprimidoUtils.comprimirPDF|
PagoPresentacionModelo600 :: Thu Feb 11 17:37:05 CET 2010 :: INFO :: PdfComprimidoUtils.descomprimirPDF|
PagoPresentacionModelo600 :: Thu Feb 11 17:37:05 CET 2010 :: INFO :: PdfComprimidoUtils.compress|
PagoPresentacionModelo600 :: Thu Feb 11 17:37:05 CET 2010 :: INFO :: PdfComprimidoUtils.descomprimirPDF|FINAL DESCOMPRESION
PagoPresentacionModelo600 :: Thu Feb 11 18:01:48 CET 2010 :: INFO :: PdfComprimidoUtils.comprimirPDF|
PagoPresentacionModelo600 :: Thu Feb 11 18:01:49 CET 2010 :: INFO :: PdfComprimidoUtils.compress|
PagoPresentacionModelo600 :: Thu Feb 11 18:01:49 CET 2010 :: INFO :: PdfComprimidoUtils.compress|FIN
PagoPresentacionModelo600 :: Thu Feb 11 18:01:49 CET 2010 :: INFO :: PdfComprimidoUtils.comprimirPDF|
PagoPresentacionModelo600 :: Thu Feb 11 18:01:49 CET 2010 :: INFO :: PdfComprimidoUtils.descomprimirPDF|
PagoPresentacionModelo600 :: Thu Feb 11 18:01:49 CET 2010 :: INFO :: PdfComprimidoUtils.compress|
PagoPresentacionModelo600 :: Thu Feb 11 18:01:49 CET 2010 :: INFO :: PdfComprimidoUtils.descomprimirPDF|FINAL DESCOMPRESION
PagoPresentacionModelo600 :: Wed Mar 17 13:11:43 CET 2010 :: ERROR :: Error al cargar preferencias y plantilla al dar de alta el documento. Debe especificar primero las preferencias en el fichero: F:\Externos\daviddsa\Servicios Ancert\wsPagoPresentacionModelo600\PagoPresentacionModelo600\proyectos\WSANCERT_PagoPresentacion600\prefsPagoPresentacionModelo600.xml (parar el servicio)
PagoPresentacionModelo600 :: Wed Mar 17 13:11:48 CET 2010 :: ERROR :: Error al cargar preferencias y plantailla al dar de alta el documento. org.xml.sax.SAXParseException: Premature end of file.
PagoPresentacionModelo600 :: Wed Mar 17 13:11:48 CET 2010 :: ERROR :: Error al cargar preferencias y plantailla al dar de alta el documento. org.xml.sax.SAXParseException: Premature end of file.
PagoPresentacionModelo600 :: Wed Mar 17 13:11:48 CET 2010 :: INFO :: Generación PDF Doc
PagoPresentacionModelo600 :: Wed Mar 17 13:11:48 CET 2010 :: INFO :: plantilla uristring: null
PagoPresentacionModelo600 :: Wed Mar 17 13:11:48 CET 2010 :: INFO :: Continuamos ya que no es una url null
PagoPresentacionModelo600 :: Fri Mar 19 09:45:03 CET 2010 :: INFO :: PdfComprimidoUtils.comprimirPDF|
PagoPresentacionModelo600 :: Fri Mar 19 09:45:04 CET 2010 :: INFO :: PdfComprimidoUtils.compress|
PagoPresentacionModelo600 :: Fri Mar 19 09:45:05 CET 2010 :: INFO :: PdfComprimidoUtils.compress|FIN
PagoPresentacionModelo600 :: Fri Mar 19 09:45:05 CET 2010 :: INFO :: PdfComprimidoUtils.comprimirPDF|
PagoPresentacionModelo600 :: Fri Mar 19 09:45:05 CET 2010 :: INFO :: PdfComprimidoUtils.descomprimirPDF|
PagoPresentacionModelo600 :: Fri Mar 19 09:45:05 CET 2010 :: INFO :: PdfComprimidoUtils.compress|
PagoPresentacionModelo600 :: Fri Mar 19 09:45:05 CET 2010 :: INFO :: PdfComprimidoUtils.descomprimirPDF|FINAL DESCOMPRESION
PagoPresentacionModelo600 :: Fri Mar 19 09:47:26 CET 2010 :: INFO :: PdfComprimidoUtils.comprimirPDF|
PagoPresentacionModelo600 :: Fri Mar 19 09:47:28 CET 2010 :: INFO :: PdfComprimidoUtils.compress|
PagoPresentacionModelo600 :: Fri Mar 19 09:47:28 CET 2010 :: INFO :: PdfComprimidoUtils.compress|FIN
PagoPresentacionModelo600 :: Fri Mar 19 09:47:28 CET 2010 :: INFO :: PdfComprimidoUtils.comprimirPDF|
PagoPresentacionModelo600 :: Fri Mar 19 09:47:28 CET 2010 :: INFO :: PdfComprimidoUtils.descomprimirPDF|
PagoPresentacionModelo600 :: Fri Mar 19 09:47:28 CET 2010 :: INFO :: PdfComprimidoUtils.compress|
PagoPresentacionModelo600 :: Fri Mar 19 09:47:28 CET 2010 :: INFO :: PdfComprimidoUtils.descomprimirPDF|FINAL DESCOMPRESION
PagoPresentacionModelo600 :: Fri Mar 19 09:50:10 CET 2010 :: INFO :: PdfComprimidoUtils.comprimirPDF|
PagoPresentacionModelo600 :: Fri Mar 19 09:50:11 CET 2010 :: INFO :: PdfComprimidoUtils.compress|
PagoPresentacionModelo600 :: Fri Mar 19 09:50:11 CET 2010 :: INFO :: PdfComprimidoUtils.compress|FIN
PagoPresentacionModelo600 :: Fri Mar 19 09:50:11 CET 2010 :: INFO :: PdfComprimidoUtils.comprimirPDF|
PagoPresentacionModelo600 :: Fri Mar 19 09:50:11 CET 2010 :: INFO :: PdfComprimidoUtils.descomprimirPDF|
PagoPresentacionModelo600 :: Fri Mar 19 09:50:11 CET 2010 :: INFO :: PdfComprimidoUtils.compress|
PagoPresentacionModelo600 :: Fri Mar 19 09:50:11 CET 2010 :: INFO :: PdfComprimidoUtils.descomprimirPDF|FINAL DESCOMPRESION
PagoPresentacionModelo600 :: Fri Mar 19 10:07:57 CET 2010 :: INFO :: PdfComprimidoUtils.comprimirPDF|
PagoPresentacionModelo600 :: Fri Mar 19 10:08:01 CET 2010 :: INFO :: PdfComprimidoUtils.compress|
PagoPresentacionModelo600 :: Fri Mar 19 10:08:01 CET 2010 :: INFO :: PdfComprimidoUtils.compress|FIN
PagoPresentacionModelo600 :: Fri Mar 19 10:08:01 CET 2010 :: INFO :: PdfComprimidoUtils.comprimirPDF|
PagoPresentacionModelo600 :: Fri Mar 19 10:08:01 CET 2010 :: INFO :: PdfComprimidoUtils.compress|
PagoPresentacionModelo600 :: Fri Mar 19 10:08:01 CET 2010 :: INFO :: PdfComprimidoUtils.descomprimirPDF|
PagoPresentacionModelo600 :: Fri Mar 19 10:08:01 CET 2010 :: INFO :: PdfComprimidoUtils.compress|
PagoPresentacionModelo600 :: Fri Mar 19 10:08:01 CET 2010 :: INFO :: PdfComprimidoUtils.descomprimirPDF|FINAL DESCOMPRESION
PagoPresentacionModelo600 :: Fri Mar 19 10:08:38 CET 2010 :: INFO :: PdfComprimidoUtils.comprimirPDF|
PagoPresentacionModelo600 :: Fri Mar 19 10:08:40 CET 2010 :: INFO :: PdfComprimidoUtils.compress|
PagoPresentacionModelo600 :: Fri Mar 19 10:08:40 CET 2010 :: INFO :: PdfComprimidoUtils.compress|FIN
PagoPresentacionModelo600 :: Fri Mar 19 10:08:40 CET 2010 :: INFO :: PdfComprimidoUtils.comprimirPDF|
PagoPresentacionModelo600 :: Fri Mar 19 10:08:40 CET 2010 :: INFO :: PdfComprimidoUtils.compress|
PagoPresentacionModelo600 :: Fri Mar 19 10:11:45 CET 2010 :: INFO :: PdfComprimidoUtils.comprimirPDF|
PagoPresentacionModelo600 :: Fri Mar 19 10:11:49 CET 2010 :: INFO :: PdfComprimidoUtils.compress|
PagoPresentacionModelo600 :: Fri Mar 19 10:11:49 CET 2010 :: INFO :: PdfComprimidoUtils.compress|FIN
PagoPresentacionModelo600 :: Fri Mar 19 10:11:49 CET 2010 :: INFO :: PdfComprimidoUtils.comprimirPDF|
PagoPresentacionModelo600 :: Fri Mar 19 10:11:49 CET 2010 :: INFO :: PdfComprimidoUtils.compress|
PagoPresentacionModelo600 :: Fri Mar 19 10:11:51 CET 2010 :: INFO :: PdfComprimidoUtils.comprimirPDF|
PagoPresentacionModelo600 :: Fri Mar 19 10:11:53 CET 2010 :: INFO :: PdfComprimidoUtils.compress|
PagoPresentacionModelo600 :: Fri Mar 19 10:11:53 CET 2010 :: INFO :: PdfComprimidoUtils.compress|FIN
PagoPresentacionModelo600 :: Fri Mar 19 10:11:53 CET 2010 :: INFO :: PdfComprimidoUtils.comprimirPDF|
PagoPresentacionModelo600 :: Fri Mar 19 10:11:53 CET 2010 :: INFO :: PdfComprimidoUtils.compress|
PagoPresentacionModelo600 :: Fri Mar 19 10:12:07 CET 2010 :: INFO :: PdfComprimidoUtils.comprimirPDF|
PagoPresentacionModelo600 :: Fri Mar 19 10:12:09 CET 2010 :: INFO :: PdfComprimidoUtils.compress|
PagoPresentacionModelo600 :: Fri Mar 19 10:12:09 CET 2010 :: INFO :: PdfComprimidoUtils.compress|FIN
PagoPresentacionModelo600 :: Fri Mar 19 10:12:09 CET 2010 :: INFO :: PdfComprimidoUtils.comprimirPDF|
PagoPresentacionModelo600 :: Fri Mar 19 10:12:09 CET 2010 :: INFO :: PdfComprimidoUtils.compress|
PagoPresentacionModelo600 :: Fri Mar 19 10:13:30 CET 2010 :: INFO :: PdfComprimidoUtils.comprimirPDF|
PagoPresentacionModelo600 :: Fri Mar 19 10:13:31 CET 2010 :: INFO :: PdfComprimidoUtils.compress|
PagoPresentacionModelo600 :: Fri Mar 19 10:13:32 CET 2010 :: INFO :: PdfComprimidoUtils.compress|FIN
PagoPresentacionModelo600 :: Fri Mar 19 10:13:32 CET 2010 :: INFO :: PdfComprimidoUtils.comprimirPDF|
PagoPresentacionModelo600 :: Fri Mar 19 10:13:32 CET 2010 :: INFO :: PdfComprimidoUtils.compress|
PagoPresentacionModelo600 :: Fri Mar 19 10:20:28 CET 2010 :: INFO :: PdfComprimidoUtils.comprimirPDF|
PagoPresentacionModelo600 :: Fri Mar 19 10:20:32 CET 2010 :: INFO :: PdfComprimidoUtils.compress|
PagoPresentacionModelo600 :: Fri Mar 19 10:20:32 CET 2010 :: INFO :: PdfComprimidoUtils.compress|FIN
PagoPresentacionModelo600 :: Fri Mar 19 10:20:32 CET 2010 :: INFO :: PdfComprimidoUtils.comprimirPDF|
PagoPresentacionModelo600 :: Fri Mar 19 10:20:32 CET 2010 :: INFO :: PdfComprimidoUtils.compress|
PagoPresentacionModelo600 :: Fri Mar 19 13:11:01 CET 2010 :: INFO :: PdfComprimidoUtils.comprimirPDF|
PagoPresentacionModelo600 :: Fri Mar 19 13:11:05 CET 2010 :: INFO :: PdfComprimidoUtils.compress|
PagoPresentacionModelo600 :: Fri Mar 19 13:11:05 CET 2010 :: INFO :: PdfComprimidoUtils.compress|FIN
PagoPresentacionModelo600 :: Fri Mar 19 13:11:05 CET 2010 :: INFO :: PdfComprimidoUtils.comprimirPDF|
PagoPresentacionModelo600 :: Fri Mar 19 13:11:05 CET 2010 :: INFO :: PdfComprimidoUtils.compress|
PagoPresentacionModelo600 :: Mon Mar 22 17:01:57 CET 2010 :: INFO :: PdfComprimidoUtils.descomprimirPDF|
PagoPresentacionModelo600 :: Mon Mar 22 17:01:58 CET 2010 :: INFO :: PdfComprimidoUtils.compress|
PagoPresentacionModelo600 :: Mon Mar 22 17:01:58 CET 2010 :: INFO :: PdfComprimidoUtils.descomprimirPDF|Error al descomprimir PDF|incorrect header check
PagoPresentacionModelo600 :: Mon Mar 22 17:01:58 CET 2010 :: INFO :: PdfComprimidoUtils.descomprimirPDF|FINAL DESCOMPRESION
PagoPresentacionModelo600 :: Mon Mar 22 17:02:24 CET 2010 :: INFO :: PdfComprimidoUtils.descomprimirPDF|
PagoPresentacionModelo600 :: Mon Mar 22 17:02:25 CET 2010 :: INFO :: PdfComprimidoUtils.compress|
PagoPresentacionModelo600 :: Mon Mar 22 17:02:25 CET 2010 :: INFO :: PdfComprimidoUtils.descomprimirPDF|Error al descomprimir PDF|incorrect header check
PagoPresentacionModelo600 :: Mon Mar 22 17:02:25 CET 2010 :: INFO :: PdfComprimidoUtils.descomprimirPDF|FINAL DESCOMPRESION
PagoPresentacionModelo600 :: Mon Mar 22 17:04:09 CET 2010 :: INFO :: PdfComprimidoUtils.descomprimirPDF|
PagoPresentacionModelo600 :: Mon Mar 22 17:04:10 CET 2010 :: INFO :: PdfComprimidoUtils.compress|
PagoPresentacionModelo600 :: Mon Mar 22 17:04:10 CET 2010 :: INFO :: PdfComprimidoUtils.descomprimirPDF|Error al descomprimir PDF|incorrect header check
PagoPresentacionModelo600 :: Mon Mar 22 17:04:10 CET 2010 :: INFO :: PdfComprimidoUtils.descomprimirPDF|FINAL DESCOMPRESION
PagoPresentacionModelo600 :: Mon Mar 22 17:04:40 CET 2010 :: INFO :: PdfComprimidoUtils.descomprimirPDF|
PagoPresentacionModelo600 :: Mon Mar 22 17:04:42 CET 2010 :: INFO :: PdfComprimidoUtils.compress|
PagoPresentacionModelo600 :: Mon Mar 22 17:04:42 CET 2010 :: INFO :: PdfComprimidoUtils.descomprimirPDF|Error al descomprimir PDF|incorrect header check
PagoPresentacionModelo600 :: Mon Mar 22 17:04:42 CET 2010 :: INFO :: PdfComprimidoUtils.descomprimirPDF|FINAL DESCOMPRESION
PagoPresentacionModelo600 :: Mon Mar 22 17:07:36 CET 2010 :: INFO :: PdfComprimidoUtils.descomprimirPDF|
PagoPresentacionModelo600 :: Mon Mar 22 17:07:37 CET 2010 :: INFO :: PdfComprimidoUtils.compress|
PagoPresentacionModelo600 :: Mon Mar 22 17:07:37 CET 2010 :: INFO :: PdfComprimidoUtils.descomprimirPDF|Error al descomprimir PDF|incorrect header check
PagoPresentacionModelo600 :: Mon Mar 22 17:07:37 CET 2010 :: INFO :: PdfComprimidoUtils.descomprimirPDF|FINAL DESCOMPRESION
PagoPresentacionModelo600 :: Mon Mar 22 17:08:45 CET 2010 :: INFO :: PdfComprimidoUtils.descomprimirPDF|
PagoPresentacionModelo600 :: Mon Mar 22 17:08:46 CET 2010 :: INFO :: PdfComprimidoUtils.compress|
PagoPresentacionModelo600 :: Mon Mar 22 17:08:46 CET 2010 :: INFO :: PdfComprimidoUtils.descomprimirPDF|Error al descomprimir PDF|incorrect header check
PagoPresentacionModelo600 :: Mon Mar 22 17:08:46 CET 2010 :: INFO :: PdfComprimidoUtils.descomprimirPDF|FINAL DESCOMPRESION
PagoPresentacionModelo600 :: Mon Mar 22 17:09:09 CET 2010 :: INFO :: PdfComprimidoUtils.descomprimirPDF|
PagoPresentacionModelo600 :: Mon Mar 22 17:09:10 CET 2010 :: INFO :: PdfComprimidoUtils.compress|
PagoPresentacionModelo600 :: Mon Mar 22 17:09:10 CET 2010 :: INFO :: PdfComprimidoUtils.descomprimirPDF|Error al descomprimir PDF|incorrect header check
PagoPresentacionModelo600 :: Mon Mar 22 17:09:10 CET 2010 :: INFO :: PdfComprimidoUtils.descomprimirPDF|FINAL DESCOMPRESION
PagoPresentacionModelo600 :: Mon Mar 22 17:11:23 CET 2010 :: INFO :: PdfComprimidoUtils.descomprimirPDF|
PagoPresentacionModelo600 :: Mon Mar 22 17:11:24 CET 2010 :: INFO :: PdfComprimidoUtils.compress|
PagoPresentacionModelo600 :: Mon Mar 22 17:11:24 CET 2010 :: INFO :: PdfComprimidoUtils.descomprimirPDF|FINAL DESCOMPRESION
PagoPresentacionModelo600 :: Mon Mar 22 17:42:24 CET 2010 :: INFO :: PdfComprimidoUtils.descomprimirPDF|
PagoPresentacionModelo600 :: Mon Mar 22 17:42:25 CET 2010 :: INFO :: PdfComprimidoUtils.compress|
PagoPresentacionModelo600 :: Mon Mar 22 17:42:25 CET 2010 :: INFO :: PdfComprimidoUtils.descomprimirPDF|FINAL DESCOMPRESION
PagoPresentacionModelo600 :: Mon Mar 22 17:57:05 CET 2010 :: INFO :: PdfComprimidoUtils.descomprimirPDF|
PagoPresentacionModelo600 :: Mon Mar 22 17:57:07 CET 2010 :: INFO :: PdfComprimidoUtils.compress|
PagoPresentacionModelo600 :: Mon Mar 22 17:57:07 CET 2010 :: INFO :: PdfComprimidoUtils.descomprimirPDF|FINAL DESCOMPRESION
PagoPresentacionModelo600 :: Mon Mar 22 17:58:47 CET 2010 :: INFO :: PdfComprimidoUtils.descomprimirPDF|
PagoPresentacionModelo600 :: Mon Mar 22 17:58:49 CET 2010 :: INFO :: PdfComprimidoUtils.compress|
PagoPresentacionModelo600 :: Mon Mar 22 17:58:49 CET 2010 :: INFO :: PdfComprimidoUtils.descomprimirPDF|FINAL DESCOMPRESION
PagoPresentacionModelo600 :: Mon Mar 22 18:02:09 CET 2010 :: INFO :: PdfComprimidoUtils.descomprimirPDF|
PagoPresentacionModelo600 :: Mon Mar 22 18:02:10 CET 2010 :: INFO :: PdfComprimidoUtils.compress|
PagoPresentacionModelo600 :: Mon Mar 22 18:02:10 CET 2010 :: INFO :: PdfComprimidoUtils.descomprimirPDF|FINAL DESCOMPRESION
PagoPresentacionModelo600 :: Mon Mar 22 18:05:18 CET 2010 :: INFO :: PdfComprimidoUtils.descomprimirPDF|
PagoPresentacionModelo600 :: Mon Mar 22 18:05:19 CET 2010 :: INFO :: PdfComprimidoUtils.compress|
PagoPresentacionModelo600 :: Mon Mar 22 18:05:19 CET 2010 :: INFO :: PdfComprimidoUtils.descomprimirPDF|FINAL DESCOMPRESION
PagoPresentacionModelo600 :: Mon Mar 22 18:43:20 CET 2010 :: INFO :: PdfComprimidoUtils.descomprimirPDF|
PagoPresentacionModelo600 :: Mon Mar 22 18:43:21 CET 2010 :: INFO :: PdfComprimidoUtils.compress|
PagoPresentacionModelo600 :: Mon Mar 22 18:43:21 CET 2010 :: INFO :: PdfComprimidoUtils.descomprimirPDF|FINAL DESCOMPRESION
PagoPresentacionModelo600 :: Thu Mar 25 22:11:25 CET 2010 :: INFO :: PdfComprimidoUtils.descomprimirPDF|
PagoPresentacionModelo600 :: Thu Mar 25 22:11:29 CET 2010 :: INFO :: PdfComprimidoUtils.compress|
PagoPresentacionModelo600 :: Thu Mar 25 22:11:29 CET 2010 :: INFO :: PdfComprimidoUtils.descomprimirPDF|FINAL DESCOMPRESION
PagoPresentacionModelo600 :: Fri Mar 26 00:48:49 CET 2010 :: INFO :: PdfComprimidoUtils.descomprimirPDF|
PagoPresentacionModelo600 :: Fri Mar 26 00:48:53 CET 2010 :: INFO :: PdfComprimidoUtils.compress|
PagoPresentacionModelo600 :: Fri Mar 26 00:48:53 CET 2010 :: INFO :: PdfComprimidoUtils.descomprimirPDF|FINAL DESCOMPRESION
PagoPresentacionModelo600 :: Fri Apr 16 16:27:20 CEST 2010 :: ERROR :: Error al cargar preferencias y plantilla al dar de alta el documento. org.xml.sax.SAXParseException: Premature end of file.
PagoPresentacionModelo600 :: Fri Apr 16 16:27:23 CEST 2010 :: ERROR :: Error al cargar preferencias y plantailla al dar de alta el documento. org.xml.sax.SAXParseException: Premature end of file.
PagoPresentacionModelo600 :: Fri Apr 16 16:27:23 CEST 2010 :: ERROR :: Error al cargar preferencias y plantailla al dar de alta el documento. org.xml.sax.SAXParseException: Premature end of file.
PagoPresentacionModelo600 :: Fri Apr 16 16:27:23 CEST 2010 :: INFO :: Generación PDF Doc
PagoPresentacionModelo600 :: Fri Apr 16 16:27:23 CEST 2010 :: INFO :: plantilla uristring: null
PagoPresentacionModelo600 :: Fri Apr 16 16:27:23 CEST 2010 :: INFO :: Continuamos ya que no es una url null
PagoPresentacionModelo600 :: Fri Apr 16 17:01:17 CEST 2010 :: INFO :: PdfComprimidoUtils.descomprimirPDF|
PagoPresentacionModelo600 :: Fri Apr 16 17:01:21 CEST 2010 :: INFO :: PdfComprimidoUtils.compress|
PagoPresentacionModelo600 :: Fri Apr 16 17:01:21 CEST 2010 :: INFO :: PdfComprimidoUtils.descomprimirPDF|FINAL DESCOMPRESION
PagoPresentacionModelo600 :: Fri Apr 16 17:03:16 CEST 2010 :: INFO :: PdfComprimidoUtils.descomprimirPDF|
PagoPresentacionModelo600 :: Fri Apr 16 17:03:19 CEST 2010 :: INFO :: PdfComprimidoUtils.compress|
PagoPresentacionModelo600 :: Fri Apr 16 17:03:20 CEST 2010 :: INFO :: PdfComprimidoUtils.descomprimirPDF|FINAL DESCOMPRESION
PagoPresentacionModelo600 :: Fri Apr 16 17:05:13 CEST 2010 :: ERROR :: Error al cargar preferencias y plantilla al dar de alta el documento. org.xml.sax.SAXParseException: Premature end of file.
PagoPresentacionModelo600 :: Fri Apr 16 17:05:16 CEST 2010 :: ERROR :: Error al cargar preferencias y plantailla al dar de alta el documento. org.xml.sax.SAXParseException: Premature end of file.
PagoPresentacionModelo600 :: Fri Apr 16 17:05:16 CEST 2010 :: ERROR :: Error al cargar preferencias y plantailla al dar de alta el documento. org.xml.sax.SAXParseException: Premature end of file.
PagoPresentacionModelo600 :: Fri Apr 16 17:05:16 CEST 2010 :: INFO :: Generación PDF Doc
PagoPresentacionModelo600 :: Fri Apr 16 17:05:16 CEST 2010 :: INFO :: plantilla uristring: null
PagoPresentacionModelo600 :: Fri Apr 16 17:05:16 CEST 2010 :: INFO :: Continuamos ya que no es una url null
PagoPresentacionModelo600 :: Fri Apr 16 18:55:09 CEST 2010 :: ERROR :: Error al cargar preferencias y plantilla al dar de alta el documento. org.xml.sax.SAXParseException: Premature end of file.
PagoPresentacionModelo600 :: Fri Apr 16 18:55:11 CEST 2010 :: ERROR :: Error al cargar preferencias y plantailla al dar de alta el documento. org.xml.sax.SAXParseException: Premature end of file.
PagoPresentacionModelo600 :: Fri Apr 16 18:55:11 CEST 2010 :: ERROR :: Error al cargar preferencias y plantailla al dar de alta el documento. org.xml.sax.SAXParseException: Premature end of file.
PagoPresentacionModelo600 :: Fri Apr 16 18:55:11 CEST 2010 :: INFO :: Generación PDF Doc
PagoPresentacionModelo600 :: Fri Apr 16 18:55:12 CEST 2010 :: INFO :: plantilla uristring: null
PagoPresentacionModelo600 :: Fri Apr 16 18:55:12 CEST 2010 :: INFO :: Continuamos ya que no es una url null
PagoPresentacionModelo600 :: Fri Apr 16 18:55:32 CEST 2010 :: ERROR :: Error al cargar preferencias y plantilla al dar de alta el documento. org.xml.sax.SAXParseException: Premature end of file.
PagoPresentacionModelo600 :: Fri Apr 16 18:55:34 CEST 2010 :: ERROR :: Error al cargar preferencias y plantailla al dar de alta el documento. org.xml.sax.SAXParseException: Premature end of file.
PagoPresentacionModelo600 :: Fri Apr 16 18:55:34 CEST 2010 :: ERROR :: Error al cargar preferencias y plantailla al dar de alta el documento. org.xml.sax.SAXParseException: Premature end of file.
PagoPresentacionModelo600 :: Fri Apr 16 18:55:34 CEST 2010 :: INFO :: Generación PDF Doc
PagoPresentacionModelo600 :: Fri Apr 16 18:55:34 CEST 2010 :: INFO :: plantilla uristring: null
PagoPresentacionModelo600 :: Fri Apr 16 18:55:34 CEST 2010 :: INFO :: Continuamos ya que no es una url null
PagoPresentacionModelo600 :: Fri Apr 16 19:41:35 CEST 2010 :: ERROR :: Error al cargar preferencias y plantilla al dar de alta el documento. org.xml.sax.SAXParseException: Premature end of file.
PagoPresentacionModelo600 :: Fri Apr 16 19:41:38 CEST 2010 :: ERROR :: Error al cargar preferencias y plantailla al dar de alta el documento. org.xml.sax.SAXParseException: Premature end of file.
PagoPresentacionModelo600 :: Fri Apr 16 19:41:38 CEST 2010 :: ERROR :: Error al cargar preferencias y plantailla al dar de alta el documento. org.xml.sax.SAXParseException: Premature end of file.
PagoPresentacionModelo600 :: Fri Apr 16 19:41:38 CEST 2010 :: INFO :: Generación PDF Doc
PagoPresentacionModelo600 :: Fri Apr 16 19:41:39 CEST 2010 :: INFO :: plantilla uristring: null
PagoPresentacionModelo600 :: Fri Apr 16 19:41:39 CEST 2010 :: INFO :: Continuamos ya que no es una url null
PagoPresentacionModelo600 :: Fri Apr 16 19:43:05 CEST 2010 :: ERROR :: Error al cargar preferencias y plantilla al dar de alta el documento. org.xml.sax.SAXParseException: Premature end of file.
PagoPresentacionModelo600 :: Fri Apr 16 19:43:08 CEST 2010 :: ERROR :: Error al cargar preferencias y plantailla al dar de alta el documento. org.xml.sax.SAXParseException: Premature end of file.
PagoPresentacionModelo600 :: Fri Apr 16 19:43:08 CEST 2010 :: ERROR :: Error al cargar preferencias y plantailla al dar de alta el documento. org.xml.sax.SAXParseException: Premature end of file.
PagoPresentacionModelo600 :: Fri Apr 16 19:43:08 CEST 2010 :: INFO :: Generación PDF Doc
PagoPresentacionModelo600 :: Fri Apr 16 19:43:08 CEST 2010 :: INFO :: plantilla uristring: null
PagoPresentacionModelo600 :: Fri Apr 16 19:43:08 CEST 2010 :: INFO :: Continuamos ya que no es una url null
PagoPresentacionModelo600 :: Fri Apr 23 13:10:37 CEST 2010 :: ERROR :: Error al cargar preferencias y plantilla al dar de alta el documento. org.xml.sax.SAXParseException: Premature end of file.
PagoPresentacionModelo600 :: Fri Apr 23 13:10:41 CEST 2010 :: ERROR :: Error al cargar preferencias y plantailla al dar de alta el documento. org.xml.sax.SAXParseException: Premature end of file.
PagoPresentacionModelo600 :: Fri Apr 23 13:10:41 CEST 2010 :: ERROR :: Error al cargar preferencias y plantailla al dar de alta el documento. org.xml.sax.SAXParseException: Premature end of file.
PagoPresentacionModelo600 :: Fri Apr 23 13:10:41 CEST 2010 :: INFO :: Generación PDF Doc
PagoPresentacionModelo600 :: Fri Apr 23 13:10:41 CEST 2010 :: INFO :: plantilla uristring: null
PagoPresentacionModelo600 :: Fri Apr 23 13:10:41 CEST 2010 :: INFO :: Continuamos ya que no es una url null
PagoPresentacionModelo600 :: Fri Apr 23 13:12:25 CEST 2010 :: ERROR :: Error al cargar preferencias y plantilla al dar de alta el documento. org.xml.sax.SAXParseException: Premature end of file.
PagoPresentacionModelo600 :: Fri Apr 23 13:12:28 CEST 2010 :: ERROR :: Error al cargar preferencias y plantailla al dar de alta el documento. org.xml.sax.SAXParseException: Premature end of file.
PagoPresentacionModelo600 :: Fri Apr 23 13:12:28 CEST 2010 :: ERROR :: Error al cargar preferencias y plantailla al dar de alta el documento. org.xml.sax.SAXParseException: Premature end of file.
PagoPresentacionModelo600 :: Fri Apr 23 13:12:28 CEST 2010 :: INFO :: Generación PDF Doc
PagoPresentacionModelo600 :: Fri Apr 23 13:12:28 CEST 2010 :: INFO :: plantilla uristring: null
PagoPresentacionModelo600 :: Fri Apr 23 13:12:28 CEST 2010 :: INFO :: Continuamos ya que no es una url null
PagoPresentacionModelo600 :: Wed Apr 28 09:58:19 CEST 2010 :: INFO :: PdfComprimidoUtils.descomprimirPDF|
PagoPresentacionModelo600 :: Wed Apr 28 09:58:21 CEST 2010 :: INFO :: PdfComprimidoUtils.compress|
PagoPresentacionModelo600 :: Wed Apr 28 09:58:21 CEST 2010 :: INFO :: PdfComprimidoUtils.descomprimirPDF|FINAL DESCOMPRESION
PagoPresentacionModelo600 :: Wed Apr 28 10:24:00 CEST 2010 :: INFO :: PdfComprimidoUtils.descomprimirPDF|
PagoPresentacionModelo600 :: Wed Apr 28 10:24:02 CEST 2010 :: INFO :: PdfComprimidoUtils.compress|
PagoPresentacionModelo600 :: Wed Apr 28 10:24:02 CEST 2010 :: INFO :: PdfComprimidoUtils.descomprimirPDF|FINAL DESCOMPRESION
PagoPresentacionModelo600 :: Wed Apr 28 10:24:51 CEST 2010 :: INFO :: PdfComprimidoUtils.descomprimirPDF|
PagoPresentacionModelo600 :: Wed Apr 28 10:24:52 CEST 2010 :: INFO :: PdfComprimidoUtils.compress|
PagoPresentacionModelo600 :: Wed Apr 28 10:24:52 CEST 2010 :: INFO :: PdfComprimidoUtils.descomprimirPDF|FINAL DESCOMPRESION
PagoPresentacionModelo600 :: Wed Apr 28 10:37:11 CEST 2010 :: INFO :: PdfComprimidoUtils.descomprimirPDF|
PagoPresentacionModelo600 :: Wed Apr 28 10:37:13 CEST 2010 :: INFO :: PdfComprimidoUtils.compress|
PagoPresentacionModelo600 :: Wed Apr 28 10:37:13 CEST 2010 :: INFO :: PdfComprimidoUtils.descomprimirPDF|FINAL DESCOMPRESION
PagoPresentacionModelo600 :: Wed Apr 28 11:20:23 CEST 2010 :: INFO :: PdfComprimidoUtils.descomprimirPDF|
PagoPresentacionModelo600 :: Wed Apr 28 11:20:26 CEST 2010 :: INFO :: PdfComprimidoUtils.compress|
PagoPresentacionModelo600 :: Wed Apr 28 11:20:26 CEST 2010 :: INFO :: PdfComprimidoUtils.descomprimirPDF|FINAL DESCOMPRESION
PagoPresentacionModelo600 :: Wed Apr 28 12:20:09 CEST 2010 :: INFO :: PdfComprimidoUtils.descomprimirPDF|
PagoPresentacionModelo600 :: Wed Apr 28 12:20:11 CEST 2010 :: INFO :: PdfComprimidoUtils.compress|
PagoPresentacionModelo600 :: Wed Apr 28 12:20:11 CEST 2010 :: INFO :: PdfComprimidoUtils.descomprimirPDF|FINAL DESCOMPRESION
PagoPresentacionModelo600 :: Wed Apr 28 12:50:52 CEST 2010 :: INFO :: PdfComprimidoUtils.descomprimirPDF|
PagoPresentacionModelo600 :: Wed Apr 28 12:50:55 CEST 2010 :: INFO :: PdfComprimidoUtils.compress|
PagoPresentacionModelo600 :: Wed Apr 28 12:50:55 CEST 2010 :: INFO :: PdfComprimidoUtils.descomprimirPDF|FINAL DESCOMPRESION
PagoPresentacionModelo600 :: Wed Apr 28 13:36:39 CEST 2010 :: INFO :: PdfComprimidoUtils.descomprimirPDF|
PagoPresentacionModelo600 :: Wed Apr 28 13:36:42 CEST 2010 :: INFO :: PdfComprimidoUtils.compress|
PagoPresentacionModelo600 :: Wed Apr 28 13:36:42 CEST 2010 :: INFO :: PdfComprimidoUtils.descomprimirPDF|FINAL DESCOMPRESION
PagoPresentacionModelo600 :: Wed Apr 28 13:48:06 CEST 2010 :: INFO :: PdfComprimidoUtils.descomprimirPDF|
PagoPresentacionModelo600 :: Wed Apr 28 13:48:09 CEST 2010 :: INFO :: PdfComprimidoUtils.compress|
PagoPresentacionModelo600 :: Wed Apr 28 13:48:09 CEST 2010 :: INFO :: PdfComprimidoUtils.descomprimirPDF|FINAL DESCOMPRESION
PagoPresentacionModelo600 :: Wed Apr 28 13:50:18 CEST 2010 :: INFO :: PdfComprimidoUtils.descomprimirPDF|
PagoPresentacionModelo600 :: Wed Apr 28 13:50:19 CEST 2010 :: INFO :: PdfComprimidoUtils.compress|
PagoPresentacionModelo600 :: Wed Apr 28 13:50:19 CEST 2010 :: INFO :: PdfComprimidoUtils.descomprimirPDF|FINAL DESCOMPRESION
PagoPresentacionModelo600 :: Wed Apr 28 16:55:58 CEST 2010 :: ERROR :: Error al cargar preferencias y plantilla al dar de alta el documento. org.xml.sax.SAXParseException: Premature end of file.
PagoPresentacionModelo600 :: Wed Apr 28 16:56:02 CEST 2010 :: ERROR :: Error al cargar preferencias y plantailla al dar de alta el documento. org.xml.sax.SAXParseException: Premature end of file.
PagoPresentacionModelo600 :: Wed Apr 28 16:56:02 CEST 2010 :: ERROR :: Error al cargar preferencias y plantailla al dar de alta el documento. org.xml.sax.SAXParseException: Premature end of file.
PagoPresentacionModelo600 :: Wed Apr 28 16:56:02 CEST 2010 :: INFO :: Generación PDF Doc
PagoPresentacionModelo600 :: Wed Apr 28 16:56:02 CEST 2010 :: INFO :: plantilla uristring: null
PagoPresentacionModelo600 :: Wed Apr 28 16:56:02 CEST 2010 :: INFO :: Continuamos ya que no es una url null
PagoPresentacionModelo600 :: Wed Apr 28 16:56:49 CEST 2010 :: INFO :: PdfComprimidoUtils.descomprimirPDF|
PagoPresentacionModelo600 :: Wed Apr 28 16:56:55 CEST 2010 :: INFO :: PdfComprimidoUtils.compress|
PagoPresentacionModelo600 :: Wed Apr 28 16:56:55 CEST 2010 :: INFO :: PdfComprimidoUtils.descomprimirPDF|FINAL DESCOMPRESION
PagoPresentacionModelo600 :: Wed Apr 28 17:00:26 CEST 2010 :: INFO :: PdfComprimidoUtils.descomprimirPDF|
PagoPresentacionModelo600 :: Wed Apr 28 17:00:28 CEST 2010 :: INFO :: PdfComprimidoUtils.compress|
PagoPresentacionModelo600 :: Wed Apr 28 17:00:28 CEST 2010 :: INFO :: PdfComprimidoUtils.descomprimirPDF|FINAL DESCOMPRESION
PagoPresentacionModelo600 :: Thu Apr 29 10:11:33 CEST 2010 :: INFO :: PdfComprimidoUtils.descomprimirPDF|
PagoPresentacionModelo600 :: Thu Apr 29 10:11:36 CEST 2010 :: INFO :: PdfComprimidoUtils.compress|
PagoPresentacionModelo600 :: Thu Apr 29 10:11:36 CEST 2010 :: INFO :: PdfComprimidoUtils.descomprimirPDF|FINAL DESCOMPRESION
PagoPresentacionModelo600 :: Thu Apr 29 10:40:43 CEST 2010 :: INFO :: PdfComprimidoUtils.descomprimirPDF|
PagoPresentacionModelo600 :: Thu Apr 29 10:40:45 CEST 2010 :: INFO :: PdfComprimidoUtils.compress|
PagoPresentacionModelo600 :: Thu Apr 29 10:40:45 CEST 2010 :: INFO :: PdfComprimidoUtils.descomprimirPDF|FINAL DESCOMPRESION
PagoPresentacionModelo600 :: Thu Apr 29 14:10:50 CEST 2010 :: ERROR :: Error al cargar preferencias y plantilla al dar de alta el documento. org.xml.sax.SAXParseException: Premature end of file.
PagoPresentacionModelo600 :: Thu Apr 29 14:10:54 CEST 2010 :: ERROR :: Error al cargar preferencias y plantailla al dar de alta el documento. org.xml.sax.SAXParseException: Premature end of file.
PagoPresentacionModelo600 :: Thu Apr 29 14:10:54 CEST 2010 :: ERROR :: Error al cargar preferencias y plantailla al dar de alta el documento. org.xml.sax.SAXParseException: Premature end of file.
PagoPresentacionModelo600 :: Thu Apr 29 14:10:54 CEST 2010 :: INFO :: Continuamos ya que no es una url null
