WSModelo046 :: Thu May 06 09:33:16 CEST 2010 :: ERROR :: Could not open windowsregistry node Software\JavaSoft\Prefs\com\stpa\ws\pref\m42 at root 0x80000002.
WSModelo046 :: Thu May 06 09:33:19 CEST 2010 :: TRACE :: 
java.util.prefs.WindowsPreferences.keysSpi(WindowsPreferences.java:670)
java.util.prefs.AbstractPreferences.keys(AbstractPreferences.java:669)
java.util.prefs.XmlSupport.putPreferencesInXml(XmlSupport.java:138)
java.util.prefs.XmlSupport.export(XmlSupport.java:104)
java.util.prefs.AbstractPreferences.exportNode(AbstractPreferences.java:1580)
com.stpa.ws.pref.m42.Preferencias.CrearFicheroPreferencias(Preferencias.java:88)
com.stpa.ws.pref.m42.Preferencias.CompruebaFicheroPreferencias(Preferencias.java:55)
com.stpa.ws.pref.m42.Preferencias.<init>(Preferencias.java:47)
com.stpa.ws.server.util.Logger.debug(Logger.java:117)
com.stpa.ws.server.util.WebServicesUtil.wsCall(WebServicesUtil.java:67)
com.stpa.ws.server.util.WebServicesUtil.obtenerClave(WebServicesUtil.java:21)
com.stpa.ws.server.op.Modelo046Op.main(Modelo046Op.java:85)
WSModelo046 :: Thu May 06 09:33:21 CEST 2010 :: ERROR :: Could not open windowsregistry node Software\JavaSoft\Prefs\com\stpa\ws\pref\m42 at root 0x80000002.
WSModelo046 :: Thu May 06 09:33:21 CEST 2010 :: TRACE :: 
java.util.prefs.WindowsPreferences.keysSpi(WindowsPreferences.java:670)
java.util.prefs.AbstractPreferences.keys(AbstractPreferences.java:669)
java.util.prefs.XmlSupport.putPreferencesInXml(XmlSupport.java:138)
java.util.prefs.XmlSupport.export(XmlSupport.java:104)
java.util.prefs.AbstractPreferences.exportNode(AbstractPreferences.java:1580)
com.stpa.ws.pref.m42.Preferencias.CrearFicheroPreferencias(Preferencias.java:88)
com.stpa.ws.pref.m42.Preferencias.CargarPreferencias(Preferencias.java:112)
com.stpa.ws.pref.m42.Preferencias.<init>(Preferencias.java:48)
com.stpa.ws.server.util.Logger.debug(Logger.java:117)
com.stpa.ws.server.util.WebServicesUtil.wsCall(WebServicesUtil.java:67)
com.stpa.ws.server.util.WebServicesUtil.obtenerClave(WebServicesUtil.java:21)
com.stpa.ws.server.op.Modelo046Op.main(Modelo046Op.java:85)
WSModelo046 :: Thu May 06 09:33:21 CEST 2010 :: ERROR :: Could not open windowsregistry node Software\JavaSoft\Prefs\com\stpa\ws\pref\m42 at root 0x80000002.
WSModelo046 :: Thu May 06 09:33:21 CEST 2010 :: TRACE :: 
java.util.prefs.WindowsPreferences.keysSpi(WindowsPreferences.java:670)
java.util.prefs.AbstractPreferences.keys(AbstractPreferences.java:669)
java.util.prefs.XmlSupport.putPreferencesInXml(XmlSupport.java:138)
java.util.prefs.XmlSupport.export(XmlSupport.java:104)
java.util.prefs.AbstractPreferences.exportNode(AbstractPreferences.java:1580)
com.stpa.ws.pref.m42.Preferencias.CrearFicheroPreferencias(Preferencias.java:88)
com.stpa.ws.pref.m42.Preferencias.CargarPreferencias(Preferencias.java:112)
com.stpa.ws.pref.m42.Preferencias.<init>(Preferencias.java:48)
com.stpa.ws.server.util.WebServicesUtil.wsCall(WebServicesUtil.java:68)
com.stpa.ws.server.util.WebServicesUtil.obtenerClave(WebServicesUtil.java:21)
com.stpa.ws.server.op.Modelo046Op.main(Modelo046Op.java:85)
WSModelo046 :: Thu May 06 09:33:21 CEST 2010 :: ERROR :: Could not open windowsregistry node Software\JavaSoft\Prefs\com\stpa\ws\pref\m42 at root 0x80000002.
WSModelo046 :: Thu May 06 09:33:21 CEST 2010 :: TRACE :: 
java.util.prefs.WindowsPreferences.keysSpi(WindowsPreferences.java:670)
java.util.prefs.AbstractPreferences.keys(AbstractPreferences.java:669)
java.util.prefs.XmlSupport.putPreferencesInXml(XmlSupport.java:138)
java.util.prefs.XmlSupport.export(XmlSupport.java:104)
java.util.prefs.AbstractPreferences.exportNode(AbstractPreferences.java:1580)
com.stpa.ws.pref.m42.Preferencias.CrearFicheroPreferencias(Preferencias.java:88)
com.stpa.ws.pref.m42.Preferencias.CargarPreferencias(Preferencias.java:112)
com.stpa.ws.pref.m42.Preferencias.<init>(Preferencias.java:48)
com.stpa.ws.server.util.Logger.debug(Logger.java:117)
com.stpa.ws.server.util.WebServicesUtil.wsCall(WebServicesUtil.java:74)
com.stpa.ws.server.util.WebServicesUtil.obtenerClave(WebServicesUtil.java:21)
com.stpa.ws.server.op.Modelo046Op.main(Modelo046Op.java:85)
WSModelo046 :: Thu May 06 09:33:21 CEST 2010 :: ERROR :: Could not open windowsregistry node Software\JavaSoft\Prefs\com\stpa\ws\pref\m42 at root 0x80000002.
WSModelo046 :: Thu May 06 09:33:21 CEST 2010 :: TRACE :: 
java.util.prefs.WindowsPreferences.keysSpi(WindowsPreferences.java:670)
java.util.prefs.AbstractPreferences.keys(AbstractPreferences.java:669)
java.util.prefs.XmlSupport.putPreferencesInXml(XmlSupport.java:138)
java.util.prefs.XmlSupport.export(XmlSupport.java:104)
java.util.prefs.AbstractPreferences.exportNode(AbstractPreferences.java:1580)
com.stpa.ws.pref.m42.Preferencias.CrearFicheroPreferencias(Preferencias.java:88)
com.stpa.ws.pref.m42.Preferencias.CargarPreferencias(Preferencias.java:112)
com.stpa.ws.pref.m42.Preferencias.<init>(Preferencias.java:48)
com.stpa.ws.server.util.Logger.debug(Logger.java:117)
com.stpa.ws.server.util.WebServicesUtil.wsCall(WebServicesUtil.java:76)
com.stpa.ws.server.util.WebServicesUtil.obtenerClave(WebServicesUtil.java:21)
com.stpa.ws.server.op.Modelo046Op.main(Modelo046Op.java:85)
WSModelo046 :: Thu May 06 09:33:21 CEST 2010 :: ERROR :: Could not open windowsregistry node Software\JavaSoft\Prefs\com\stpa\ws\pref\m42 at root 0x80000002.
WSModelo046 :: Thu May 06 09:33:21 CEST 2010 :: TRACE :: 
java.util.prefs.WindowsPreferences.keysSpi(WindowsPreferences.java:670)
java.util.prefs.AbstractPreferences.keys(AbstractPreferences.java:669)
java.util.prefs.XmlSupport.putPreferencesInXml(XmlSupport.java:138)
java.util.prefs.XmlSupport.export(XmlSupport.java:104)
java.util.prefs.AbstractPreferences.exportNode(AbstractPreferences.java:1580)
com.stpa.ws.pref.m42.Preferencias.CrearFicheroPreferencias(Preferencias.java:88)
com.stpa.ws.pref.m42.Preferencias.CargarPreferencias(Preferencias.java:112)
com.stpa.ws.pref.m42.Preferencias.<init>(Preferencias.java:48)
com.stpa.ws.server.util.Logger.debug(Logger.java:117)
com.stpa.ws.server.util.WebServicesUtil.wsCall(WebServicesUtil.java:78)
com.stpa.ws.server.util.WebServicesUtil.obtenerClave(WebServicesUtil.java:21)
com.stpa.ws.server.op.Modelo046Op.main(Modelo046Op.java:85)
WSModelo046 :: Thu May 06 09:33:21 CEST 2010 :: ERROR :: no protocol: 
WSModelo046 :: Thu May 06 09:33:21 CEST 2010 :: ERROR :: Could not open windowsregistry node Software\JavaSoft\Prefs\com\stpa\ws\pref\m42 at root 0x80000002.
WSModelo046 :: Thu May 06 09:33:21 CEST 2010 :: TRACE :: 
java.util.prefs.WindowsPreferences.keysSpi(WindowsPreferences.java:670)
java.util.prefs.AbstractPreferences.keys(AbstractPreferences.java:669)
java.util.prefs.XmlSupport.putPreferencesInXml(XmlSupport.java:138)
java.util.prefs.XmlSupport.export(XmlSupport.java:104)
java.util.prefs.AbstractPreferences.exportNode(AbstractPreferences.java:1580)
com.stpa.ws.pref.m42.Preferencias.CrearFicheroPreferencias(Preferencias.java:88)
com.stpa.ws.pref.m42.Preferencias.CargarPreferencias(Preferencias.java:112)
com.stpa.ws.pref.m42.Preferencias.<init>(Preferencias.java:48)
com.stpa.ws.server.util.Logger.debug(Logger.java:117)
com.stpa.ws.server.util.PropertiesUtils.cargarProperties(PropertiesUtils.java:32)
com.stpa.ws.server.util.PropertiesUtils.cargarProperties(PropertiesUtils.java:26)
com.stpa.ws.server.util.PropertiesUtils.<clinit>(PropertiesUtils.java:19)
com.stpa.ws.server.util.WebServicesUtil.wsCall(WebServicesUtil.java:92)
com.stpa.ws.server.util.WebServicesUtil.obtenerClave(WebServicesUtil.java:21)
com.stpa.ws.server.op.Modelo046Op.main(Modelo046Op.java:85)
WSModelo046 :: Thu May 06 09:33:21 CEST 2010 :: ERROR :: null
WSModelo046 :: Thu May 06 09:33:21 CEST 2010 :: TRACE :: 
java.net.URL.<init>(URL.java:567)
java.net.URL.<init>(URL.java:464)
com.stp.webservices.ClienteWebServices.inicializarWSLanzador(ClienteWebServices.java:59)
com.stpa.ws.server.util.WebServicesUtil.wsCall(WebServicesUtil.java:79)
com.stpa.ws.server.util.WebServicesUtil.obtenerClave(WebServicesUtil.java:21)
com.stpa.ws.server.op.Modelo046Op.main(Modelo046Op.java:85)
