WSDGT :: Wed May 12 17:47:34 CEST 2010 :: ERROR :: Could not open windowsregistry node Software\JavaSoft\Prefs\com\stpa\ws\pref\lt at root 0x80000002.
WSDGT :: Wed May 12 17:47:37 CEST 2010 :: TRACE :: 
java.util.prefs.WindowsPreferences.keysSpi(WindowsPreferences.java:670)
java.util.prefs.AbstractPreferences.keys(AbstractPreferences.java:669)
java.util.prefs.XmlSupport.putPreferencesInXml(XmlSupport.java:138)
java.util.prefs.XmlSupport.export(XmlSupport.java:104)
java.util.prefs.AbstractPreferences.exportNode(AbstractPreferences.java:1580)
com.stpa.ws.pref.lt.Preferencias.CrearFicheroPreferencias(Preferencias.java:92)
com.stpa.ws.pref.lt.Preferencias.CompruebaFicheroPreferencias(Preferencias.java:56)
com.stpa.ws.pref.lt.Preferencias.<init>(Preferencias.java:49)
com.stpa.ws.server.util.Logger.debug(Logger.java:110)
com.stpa.ws.server.util.WebServicesUtils.wsCall(WebServicesUtils.java:76)
com.stpa.ws.server.util.WebServicesUtils.obtenerClave(WebServicesUtils.java:30)
com.stpa.ws.server.util.StpawsUtil.genMacLiquidacionTasas(StpawsUtil.java:45)
com.stpa.ws.server.op.LiquidacionTasasOp.main(LiquidacionTasasOp.java:458)
WSDGT :: Wed May 12 17:47:37 CEST 2010 :: ERROR :: Could not open windowsregistry node Software\JavaSoft\Prefs\com\stpa\ws\pref\lt at root 0x80000002.
WSDGT :: Wed May 12 17:47:37 CEST 2010 :: TRACE :: 
java.util.prefs.WindowsPreferences.keysSpi(WindowsPreferences.java:670)
java.util.prefs.AbstractPreferences.keys(AbstractPreferences.java:669)
java.util.prefs.XmlSupport.putPreferencesInXml(XmlSupport.java:138)
java.util.prefs.XmlSupport.export(XmlSupport.java:104)
java.util.prefs.AbstractPreferences.exportNode(AbstractPreferences.java:1580)
com.stpa.ws.pref.lt.Preferencias.CrearFicheroPreferencias(Preferencias.java:92)
com.stpa.ws.pref.lt.Preferencias.CargarPreferencias(Preferencias.java:116)
com.stpa.ws.pref.lt.Preferencias.<init>(Preferencias.java:50)
com.stpa.ws.server.util.Logger.debug(Logger.java:110)
com.stpa.ws.server.util.WebServicesUtils.wsCall(WebServicesUtils.java:76)
com.stpa.ws.server.util.WebServicesUtils.obtenerClave(WebServicesUtils.java:30)
com.stpa.ws.server.util.StpawsUtil.genMacLiquidacionTasas(StpawsUtil.java:45)
com.stpa.ws.server.op.LiquidacionTasasOp.main(LiquidacionTasasOp.java:458)
WSDGT :: Wed May 12 17:47:37 CEST 2010 :: ERROR :: Could not open windowsregistry node Software\JavaSoft\Prefs\com\stpa\ws\pref\lt at root 0x80000002.
WSDGT :: Wed May 12 17:47:37 CEST 2010 :: TRACE :: 
java.util.prefs.WindowsPreferences.keysSpi(WindowsPreferences.java:670)
java.util.prefs.AbstractPreferences.keys(AbstractPreferences.java:669)
java.util.prefs.XmlSupport.putPreferencesInXml(XmlSupport.java:138)
java.util.prefs.XmlSupport.export(XmlSupport.java:104)
java.util.prefs.AbstractPreferences.exportNode(AbstractPreferences.java:1580)
com.stpa.ws.pref.lt.Preferencias.CrearFicheroPreferencias(Preferencias.java:92)
com.stpa.ws.pref.lt.Preferencias.CargarPreferencias(Preferencias.java:116)
com.stpa.ws.pref.lt.Preferencias.<init>(Preferencias.java:50)
com.stpa.ws.server.util.WebServicesUtils.wsCall(WebServicesUtils.java:77)
com.stpa.ws.server.util.WebServicesUtils.obtenerClave(WebServicesUtils.java:30)
com.stpa.ws.server.util.StpawsUtil.genMacLiquidacionTasas(StpawsUtil.java:45)
com.stpa.ws.server.op.LiquidacionTasasOp.main(LiquidacionTasasOp.java:458)
WSDGT :: Wed May 12 17:47:37 CEST 2010 :: ERROR :: Could not open windowsregistry node Software\JavaSoft\Prefs\com\stpa\ws\pref\lt at root 0x80000002.
WSDGT :: Wed May 12 17:47:37 CEST 2010 :: TRACE :: 
java.util.prefs.WindowsPreferences.keysSpi(WindowsPreferences.java:670)
java.util.prefs.AbstractPreferences.keys(AbstractPreferences.java:669)
java.util.prefs.XmlSupport.putPreferencesInXml(XmlSupport.java:138)
java.util.prefs.XmlSupport.export(XmlSupport.java:104)
java.util.prefs.AbstractPreferences.exportNode(AbstractPreferences.java:1580)
com.stpa.ws.pref.lt.Preferencias.CrearFicheroPreferencias(Preferencias.java:92)
com.stpa.ws.pref.lt.Preferencias.CargarPreferencias(Preferencias.java:116)
com.stpa.ws.pref.lt.Preferencias.<init>(Preferencias.java:50)
com.stpa.ws.server.util.Logger.debug(Logger.java:110)
com.stpa.ws.server.util.WebServicesUtils.wsCall(WebServicesUtils.java:84)
com.stpa.ws.server.util.WebServicesUtils.obtenerClave(WebServicesUtils.java:30)
com.stpa.ws.server.util.StpawsUtil.genMacLiquidacionTasas(StpawsUtil.java:45)
com.stpa.ws.server.op.LiquidacionTasasOp.main(LiquidacionTasasOp.java:458)
WSDGT :: Wed May 12 17:47:37 CEST 2010 :: ERROR :: Could not open windowsregistry node Software\JavaSoft\Prefs\com\stpa\ws\pref\lt at root 0x80000002.
WSDGT :: Wed May 12 17:47:37 CEST 2010 :: TRACE :: 
java.util.prefs.WindowsPreferences.keysSpi(WindowsPreferences.java:670)
java.util.prefs.AbstractPreferences.keys(AbstractPreferences.java:669)
java.util.prefs.XmlSupport.putPreferencesInXml(XmlSupport.java:138)
java.util.prefs.XmlSupport.export(XmlSupport.java:104)
java.util.prefs.AbstractPreferences.exportNode(AbstractPreferences.java:1580)
com.stpa.ws.pref.lt.Preferencias.CrearFicheroPreferencias(Preferencias.java:92)
com.stpa.ws.pref.lt.Preferencias.CargarPreferencias(Preferencias.java:116)
com.stpa.ws.pref.lt.Preferencias.<init>(Preferencias.java:50)
com.stpa.ws.server.util.Logger.debug(Logger.java:110)
com.stpa.ws.server.util.WebServicesUtils.wsCall(WebServicesUtils.java:87)
com.stpa.ws.server.util.WebServicesUtils.obtenerClave(WebServicesUtils.java:30)
com.stpa.ws.server.util.StpawsUtil.genMacLiquidacionTasas(StpawsUtil.java:45)
com.stpa.ws.server.op.LiquidacionTasasOp.main(LiquidacionTasasOp.java:458)
WSDGT :: Wed May 12 17:47:37 CEST 2010 :: ERROR :: Could not open windowsregistry node Software\JavaSoft\Prefs\com\stpa\ws\pref\lt at root 0x80000002.
WSDGT :: Wed May 12 17:47:37 CEST 2010 :: TRACE :: 
java.util.prefs.WindowsPreferences.keysSpi(WindowsPreferences.java:670)
java.util.prefs.AbstractPreferences.keys(AbstractPreferences.java:669)
java.util.prefs.XmlSupport.putPreferencesInXml(XmlSupport.java:138)
java.util.prefs.XmlSupport.export(XmlSupport.java:104)
java.util.prefs.AbstractPreferences.exportNode(AbstractPreferences.java:1580)
com.stpa.ws.pref.lt.Preferencias.CrearFicheroPreferencias(Preferencias.java:92)
com.stpa.ws.pref.lt.Preferencias.CargarPreferencias(Preferencias.java:116)
com.stpa.ws.pref.lt.Preferencias.<init>(Preferencias.java:50)
com.stpa.ws.server.util.Logger.debug(Logger.java:110)
com.stpa.ws.server.util.WebServicesUtils.wsCall(WebServicesUtils.java:90)
com.stpa.ws.server.util.WebServicesUtils.obtenerClave(WebServicesUtils.java:30)
com.stpa.ws.server.util.StpawsUtil.genMacLiquidacionTasas(StpawsUtil.java:45)
com.stpa.ws.server.op.LiquidacionTasasOp.main(LiquidacionTasasOp.java:458)
WSDGT :: Wed May 12 17:47:37 CEST 2010 :: ERROR :: no protocol: 
WSDGT :: Wed May 12 17:47:37 CEST 2010 :: TRACE :: 
java.net.URL.<init>(URL.java:567)
java.net.URL.<init>(URL.java:464)
com.stp.webservices.ClienteWebServices.inicializarWSLanzador(ClienteWebServices.java:72)
com.stpa.ws.server.util.WebServicesUtils.wsCall(WebServicesUtils.java:91)
com.stpa.ws.server.util.WebServicesUtils.obtenerClave(WebServicesUtils.java:30)
com.stpa.ws.server.util.StpawsUtil.genMacLiquidacionTasas(StpawsUtil.java:45)
com.stpa.ws.server.op.LiquidacionTasasOp.main(LiquidacionTasasOp.java:458)
WSDGT :: Wed May 12 17:47:37 CEST 2010 :: ERROR :: 0030: Error URL inválida
WSDGT :: Wed May 12 17:47:37 CEST 2010 :: TRACE :: 
java.net.URL.<init>(URL.java:567)
java.net.URL.<init>(URL.java:464)
com.stp.webservices.ClienteWebServices.inicializarWSLanzador(ClienteWebServices.java:72)
com.stpa.ws.server.util.WebServicesUtils.wsCall(WebServicesUtils.java:91)
com.stpa.ws.server.util.WebServicesUtils.obtenerClave(WebServicesUtils.java:30)
com.stpa.ws.server.util.StpawsUtil.genMacLiquidacionTasas(StpawsUtil.java:45)
com.stpa.ws.server.op.LiquidacionTasasOp.main(LiquidacionTasasOp.java:458)
